<?xml version="1.0" encoding="UTF-8"?>
<!-- Generated by org.testng.reporters.JUnitReportReporter -->
<testsuite skipped="0" hostname="ds-HP" name="TestCases.SearchByWord" tests="1" failures="0" timestamp="06 Feb 2018 20:32:01 GMT" time="33.130" errors="0">
  <testcase name="CheckWord" time="33.130" classname="TestCases.SearchByWord"/>
</testsuite> <!-- TestCases.SearchByWord -->
